[INFO] Scanning for projects...
[INFO] 
[INFO] --------------------------< org.example:race >--------------------------
[INFO] Building race 1.0-SNAPSHOT
[INFO] --------------------------------[ jar ]---------------------------------
[INFO] 
[INFO] --- maven-resources-plugin:3.0.2:resources (default-resources) @ race ---
[INFO] Using 'UTF-8' encoding to copy filtered resources.
[INFO] skip non existing resourceDirectory /Users/felipeveloso/projetos/race/race/src/main/resources
[INFO] 
[INFO] --- maven-compiler-plugin:3.8.0:compile (default-compile) @ race ---
[INFO] Changes detected - recompiling the module!
[INFO] Compiling 1 source file to /Users/felipeveloso/projetos/race/race/target/classes
[INFO] -------------------------------------------------------------
[ERROR] COMPILATION ERROR : 
[INFO] -------------------------------------------------------------
[ERROR] /Users/felipeveloso/projetos/race/race/src/main/java/org/example/App.java:[15,19] cannot find symbol
  symbol:   method plusTen(int)
  location: class org.example.App
[INFO] 1 error
[INFO] -------------------------------------------------------------
[INFO] ------------------------------------------------------------------------
[INFO] BUILD FAILURE
[INFO] ------------------------------------------------------------------------
[INFO] Total time:  0.470 s
[INFO] Finished at: 2022-10-05T23:17:52-03:00
[INFO] ------------------------------------------------------------------------
[ERROR] Failed to execute goal org.apache.maven.plugins:maven-compiler-plugin:3.8.0:compile (default-compile) on project race: Compilation failure
[ERROR] /Users/felipeveloso/projetos/race/race/src/main/java/org/example/App.java:[15,19] cannot find symbol
[ERROR]   symbol:   method plusTen(int)
[ERROR]   location: class org.example.App
[ERROR] 
[ERROR] -> [Help 1]
[ERROR] 
[ERROR] To see the full stack trace of the errors, re-run Maven with the -e switch.
[ERROR] Re-run Maven using the -X switch to enable full debug logging.
[ERROR] 
[ERROR] For more information about the errors and possible solutions, please read the following articles:
[ERROR] [Help 1] http://cwiki.apache.org/confluence/display/MAVEN/MojoFailureException
